{"level":"info","message":"get by Name"}
{"level":"info","message":"Server started on port 3001"}
{"level":"info","message":"Server started on port 3001"}
{"level":"info","message":"Server started on port 3001"}
{"level":"info","message":"Server started on port 3001"}
{"level":"info","message":"Server started on port 3001"}
{"level":"info","message":"Server started on port 3001"}
{"level":"info","message":"Server started on port 3001"}
{"level":"info","message":"Connected to MongoDB Atlas"}
{"level":"info","message":"Server started on port 3001"}
{"level":"info","message":"Server started on port 3001"}
{"level":"info","message":"Connected to MongoDB Atlas"}
{"level":"info","message":"Connected to MongoDB Atlas"}
{"level":"info","message":"Connected to MongoDB Atlas"}
{"level":"info","message":"Connected to MongoDB Atlas"}
{"level":"info","message":"Connected to MongoDB Atlas"}
{"level":"info","message":"Server started on port 3001"}
{"level":"info","message":"Server started on port 3001"}
{"level":"info","message":"Server started on port 3001"}
{"level":"info","message":"Connected to MongoDB Atlas"}
{"level":"error"}
{"level":"info","message":"Error retrieving documents"}
{"level":"info","message":"Server started on port 3001"}
{"level":"info","message":"Server started on port 3001"}
{"level":"info","message":"Connected to MongoDB Atlas"}
{"level":"error"}
{"level":"info","message":"Error retrieving documents"}
{"level":"info","message":"Server started on port 3001"}
{"level":"info","message":"Server started on port 3001"}
{"level":"info","message":"Connected to MongoDB Atlas"}
{"level":"error"}
{"level":"info","message":"Error retrieving documents"}
{"level":"info","message":"Connected to MongoDB Atlas"}
{"level":"error"}
{"level":"info","message":"Error retrieving documents"}
{"level":"info","message":"Connected to MongoDB Atlas"}
{"level":"error"}
{"level":"info","message":"Error retrieving documents"}
{"level":"info","message":"Server started on port 3001"}
{"level":"info","message":"Connected to MongoDB Atlas"}
{"level":"error"}
{"level":"info","message":"Error retrieving documents"}
{"level":"info","message":"Server started on port 3001"}
{"level":"info","message":"Connected to MongoDB Atlas"}
{"level":"error"}
{"level":"info","message":"Error retrieving documents"}
{"level":"info","message":"Server started on port 3001"}
{"level":"info","message":"Connected to MongoDB Atlas"}
{"level":"error"}
{"level":"info","message":"Error retrieving documents"}
{"level":"info","message":"Connected to MongoDB Atlas"}
{"level":"error"}
{"level":"info","message":"Error retrieving documents"}
{"level":"info","message":"Connected to MongoDB Atlas"}
{"level":"error"}
{"level":"info","message":"Error retrieving documents"}
{"level":"info","message":"Connected to MongoDB Atlas"}
{"level":"error"}
{"level":"info","message":"Error retrieving documents"}
{"level":"info","message":"Server started on port 3001"}
{"level":"info","message":"Connected to MongoDB Atlas"}
{"level":"info","message":"Connected to MongoDB Atlas"}
{"level":"info","message":"Connected to MongoDB Atlas"}
{"level":"info","message":"Connected to MongoDB Atlas"}
{"level":"info","message":"Connected to MongoDB Atlas"}
{"level":"info","message":"Connected to MongoDB Atlas"}
{"level":"info","message":"Connected to MongoDB Atlas"}
{"level":"info","message":"Server started on port 3001"}
{"level":"info","message":"Connected to MongoDB Atlas"}
{"level":"error"}
{"level":"info","message":"Error retrieving documents"}
{"level":"info","message":"Server started on port 3001"}
{"level":"info","message":"Connected to MongoDB Atlas"}
{"level":"info","message":"Connected to MongoDB Atlas"}
{"level":"info","message":"Connected to MongoDB Atlas"}
{"level":"info","message":"Server started on port 3001"}
{"level":"info","message":"Server started on port 3001"}
{"level":"info","message":"Connected to MongoDB Atlas"}
{"level":"info","message":"Connected to MongoDB Atlas"}
{"level":"info","message":"Connected to MongoDB Atlas"}
{"level":"info","message":"Connected to MongoDB Atlas"}
{"level":"info","message":"Server started on port 3001"}
{"level":"info","message":"Connected to MongoDB Atlas"}
{"level":"info","message":"Server started on port 3001"}
{"level":"info","message":"Connected to MongoDB Atlas"}
{"level":"info","message":"Server started on port 3001"}
{"level":"info","message":"Connected to MongoDB Atlas"}
{"level":"info","message":"Connected to MongoDB Atlas"}
{"level":"info","message":"Connected to MongoDB Atlas"}
{"level":"info","message":"Server started on port 3001"}
{"level":"info","message":"Server started on port 3001"}
{"level":"info","message":"Server started on port 3001"}
{"level":"info","message":"Connected to MongoDB Atlas"}
{"level":"info","message":"Server started on port 3001"}
{"level":"info","message":"Server started on port 3001"}
{"level":"info","message":"Server started on port 3001"}
{"level":"info","message":"Server started on port 3001"}
{"level":"info","message":"Connected to MongoDB Atlas"}
{"level":"info","message":"Server started on port 3001"}
{"level":"info","message":"Server started on port 3001"}
{"level":"info","message":"Server started on port 3001"}
{"level":"info","message":"Server started on port 3001"}
{"level":"info","message":"Server started on port 3001"}
{"level":"info","message":"Server started on port 3001"}
{"level":"info","message":"Server started on port 3001"}
{"level":"info","message":"Server started on port 3001"}
{"level":"info","message":"Server started on port 3001"}
{"level":"info","message":"Connected to MongoDB Atlas"}
{"level":"info","message":"Server started on port 3001"}
{"level":"info","message":"Connected to MongoDB Atlas"}
{"level":"info","message":"Connected to MongoDB Atlas"}
{"level":"info","message":"Connected to MongoDB Atlas"}
{"level":"info","message":"Server started on port 3001"}
{"level":"info","message":"Connected to MongoDB Atlas"}
{"level":"info","message":"Server started on port 3001"}
{"level":"info","message":"Connected to MongoDB Atlas"}
{"level":"info","message":"Server started on port 3001"}
{"level":"info","message":"Connected to MongoDB Atlas"}
{"level":"info","message":"Connected to MongoDB Atlas"}
{"level":"info","message":"Server started on port 3001"}
{"level":"info","message":"Connected to MongoDB Atlas"}
{"level":"info","message":"Connected to MongoDB Atlas"}
{"level":"info","message":"Connected to MongoDB Atlas"}
{"level":"info","message":"Server started on port 3001"}
{"level":"info","message":"Connected to MongoDB Atlas"}
{"level":"info","message":"Server started on port 3001"}
{"level":"info","message":"Connected to MongoDB Atlas"}
{"level":"info","message":"Server started on port 3001"}
{"level":"info","message":"Connected to MongoDB Atlas"}
{"level":"info","message":"Server started on port 3001"}
{"level":"info","message":"Connected to MongoDB Atlas"}
{"level":"info","message":"Connected to MongoDB Atlas"}
{"level":"info","message":"Connected to MongoDB Atlas"}
{"level":"info","message":"Server started on port 3001"}
{"level":"info","message":"Connected to MongoDB Atlas"}
{"level":"info","message":"Server started on port 3001"}
{"level":"info","message":"Connected to MongoDB Atlas"}
{"level":"info","message":"Server started on port 3001"}
{"level":"info","message":"Server started on port 3001"}
{"level":"info","message":"Connected to MongoDB Atlas"}
{"level":"info","message":"Connected to MongoDB Atlas"}
{"level":"info","message":"Server started on port 3001"}
{"level":"info","message":"Connected to MongoDB Atlas"}
{"level":"info","message":"Server started on port 3001"}
{"level":"info","message":"Connected to MongoDB Atlas"}
{"level":"info","message":"Connected to MongoDB Atlas"}
{"level":"info","message":"Connected to MongoDB Atlas"}
{"level":"info","message":"Server started on port 3001"}
{"level":"info","message":"Connected to MongoDB Atlas"}
{"level":"info","message":"Server started on port 3001"}
{"level":"info","message":"Connected to MongoDB Atlas"}
{"level":"info","message":"Server started on port 3001"}
{"level":"info","message":"Server started on port 3001"}
{"level":"info","message":"Connected to MongoDB Atlas"}
{"level":"info","message":"Connected to MongoDB Atlas"}
{"level":"info","message":"Connected to MongoDB Atlas"}
{"level":"info","message":"Connected to MongoDB Atlas"}
{"level":"info","message":"Connected to MongoDB Atlas"}
{"level":"info","message":"Server started on port 3001"}
{"level":"info","message":"Server started on port 3001"}
{"level":"info","message":"Connected to MongoDB Atlas"}
{"level":"info","message":"Connected to MongoDB Atlas"}
{"level":"info","message":"Connected to MongoDB Atlas"}
{"level":"info","message":"Server started on port 3001"}
{"level":"info","message":"Connected to MongoDB Atlas"}
{"level":"info","message":"Connected to MongoDB Atlas"}
{"level":"info","message":"Connected to MongoDB Atlas"}
{"level":"info","message":"Server started on port 3001"}
{"level":"info","message":"Server started on port 3001"}
{"level":"info","message":"Connected to MongoDB Atlas"}
{"level":"info","message":"Server started on port 3001"}
{"level":"info","message":"Connected to MongoDB Atlas"}
{"level":"info","message":"Server started on port 3001"}
{"level":"info","message":"Connected to MongoDB Atlas"}
{"level":"info","message":"Server started on port 3001"}
{"level":"info","message":"Connected to MongoDB Atlas"}
{"level":"info","message":"Server started on port 3001"}
{"level":"info","message":"Connected to MongoDB Atlas"}
{"level":"info","message":"Server started on port 3001"}
{"level":"info","message":"Connected to MongoDB Atlas"}
{"level":"info","message":"Connected to MongoDB Atlas"}
{"level":"info","message":"Connected to MongoDB Atlas"}
{"level":"info","message":"Server started on port 3001"}
{"level":"info","message":"Connected to MongoDB Atlas"}
{"level":"info","message":"Connected to MongoDB Atlas"}
{"level":"info","message":"Connected to MongoDB Atlas"}
{"level":"info","message":"Server started on port 3001"}
{"level":"info","message":"Server started on port 3001"}
{"level":"info","message":"Server started on port 3001"}
{"level":"info","message":"Server started on port 3001"}
{"level":"info","message":"Connected to MongoDB Atlas"}
{"level":"info","message":"Server started on port 3001"}
{"level":"info","message":"Connected to MongoDB Atlas"}
{"level":"info","message":"Connected to MongoDB Atlas"}
{"level":"info","message":"Server started on port 3001"}
{"level":"info","message":"Connected to MongoDB Atlas"}
{"level":"info","message":"Connected to MongoDB Atlas"}
{"level":"info","message":"Connected to MongoDB Atlas"}
{"level":"info","message":"Server started on port 3001"}
{"level":"info","message":"Connected to MongoDB Atlas"}
{"level":"info","message":"Connected to MongoDB Atlas"}
{"level":"info","message":"Connected to MongoDB Atlas"}
{"level":"info","message":"Server started on port 3001"}
{"level":"info","message":"Connected to MongoDB Atlas"}
{"level":"info","message":"Connected to MongoDB Atlas"}
{"level":"info","message":"Connected to MongoDB Atlas"}
{"level":"info","message":"Server started on port 3001"}
{"level":"info","message":"Connected to MongoDB Atlas"}
{"level":"info","message":"Connected to MongoDB Atlas"}
{"level":"info","message":"Connected to MongoDB Atlas"}
{"level":"info","message":"Server started on port 3001"}
{"level":"info","message":"Connected to MongoDB Atlas"}
{"level":"info","message":"Connected to MongoDB Atlas"}
{"level":"info","message":"Connected to MongoDB Atlas"}
{"level":"info","message":"Server started on port 3001"}
{"level":"info","message":"Connected to MongoDB Atlas"}
{"level":"info","message":"Connected to MongoDB Atlas"}
{"level":"info","message":"Connected to MongoDB Atlas"}
{"level":"info","message":"Server started on port 3001"}
{"level":"info","message":"Connected to MongoDB Atlas"}
{"level":"info","message":"Server started on port 3001"}
{"level":"info","message":"Connected to MongoDB Atlas"}
{"level":"info","message":"Server started on port 3001"}
{"level":"info","message":"Server started on port 3001"}
{"level":"info","message":"Server started on port 3001"}
{"level":"info","message":"Connected to MongoDB Atlas"}
{"level":"info","message":"Connected to MongoDB Atlas"}
{"level":"info","message":"Server started on port 3001"}
{"level":"info","message":"Connected to MongoDB Atlas"}
{"level":"info","message":"Server started on port 3001"}
{"code":"ECONNREFUSED","hostname":"_mongodb._tcp.cluster0.ixfsgzn.mongodb.net","level":"error","syscall":"querySrv"}
{"level":"info","message":"Server started on port 3001"}
{"level":"info","message":"Server started on port 3001"}
{"level":"info","message":"Connected to MongoDB Atlas"}
{"level":"info","message":"Server started on port 3001"}
{"level":"info","message":"Connected to MongoDB Atlas"}
{"level":"info","message":"Connected to MongoDB Atlas"}
{"level":"info","message":"Connected to MongoDB Atlas"}
{"level":"info","message":"Server started on port 3001"}
{"level":"info","message":"Server started on port 3001"}
{"level":"info","message":"Server started on port 3001"}
{"level":"info","message":"Server started on port 3001"}
{"level":"info","message":"Server started on port 3001"}
{"level":"info","message":"Server started on port 3001"}
{"level":"info","message":"Server started on port 3001"}
{"level":"info","message":"Server started on port 3001"}
{"level":"info","message":"Connected to MongoDB Atlas"}
{"level":"info","message":"Connected to MongoDB Atlas"}
{"level":"info","message":"Server started on port 3001"}
{"level":"info","message":"Connected to MongoDB Atlas"}
{"level":"info","message":"Connected to MongoDB Atlas"}
{"level":"info","message":"Connected to MongoDB Atlas"}
{"level":"info","message":"Connected to MongoDB Atlas"}
{"level":"info","message":"Connected to MongoDB Atlas"}
{"level":"info","message":"Connected to MongoDB Atlas"}
{"level":"info","message":"Connected to MongoDB Atlas"}
{"level":"info","message":"Connected to MongoDB Atlas"}
{"level":"info","message":"Server started on port 3001"}
{"level":"info","message":"Server started on port 3001"}
{"level":"info","message":"Server started on port 3001"}
{"level":"info","message":"Server started on port 3001"}
{"level":"info","message":"Server started on port 3001"}
{"level":"info","message":"Server started on port 3001"}
{"level":"info","message":"Server started on port 3001"}
{"level":"info","message":"Server started on port 3001"}
{"level":"info","message":"Server started on port 3001"}
{"level":"info","message":"Server started on port 3001"}
{"level":"info","message":"Server started on port 3001"}
{"level":"info","message":"Server started on port 3001"}
{"level":"info","message":"Server started on port 3001"}
{"level":"info","message":"Server started on port 3001"}
{"level":"info","message":"Server started on port 3001"}
{"level":"info","message":"Server started on port 3001"}
{"level":"info","message":"Server started on port 3001"}
{"level":"info","message":"Server started on port 3001"}
{"level":"info","message":"Server started on port 3001"}
{"level":"info","message":"Server started on port 3001"}
{"level":"info","message":"Connected to MongoDB Atlas"}
{"level":"info","message":"Connected to MongoDB Atlas"}
{"level":"info","message":"Connected to MongoDB Atlas"}
{"level":"info","message":"Connected to MongoDB Atlas"}
{"level":"info","message":"Connected to MongoDB Atlas"}
{"level":"info","message":"Server started on port 3001"}
{"level":"info","message":"Server started on port 3001"}
{"level":"info","message":"Server started on port 3001"}
{"level":"info","message":"Connected to MongoDB Atlas"}
{"level":"info","message":"Connected to MongoDB Atlas"}
{"level":"info","message":"Connected to MongoDB Atlas"}
{"level":"info","message":"Connected to MongoDB Atlas"}
{"level":"info","message":"Server started on port 3001"}
{"level":"info","message":"get by Name"}
{"level":"info","message":"Connected to MongoDB Atlas"}
{"level":"info","message":"Document with name { undefined } not found"}
{"level":"info","message":"Connected to MongoDB Atlas"}
{"level":"info","message":"get by Name"}
{"level":"info","message":"Connected to MongoDB Atlas"}
{"level":"info","message":"Connected to MongoDB Atlas"}
{"level":"info","message":"Document with name { undefined } not found"}
{"level":"info","message":"get by Name"}
{"level":"info","message":"Connected to MongoDB Atlas"}
{"level":"info","message":"Document with name { undefined } not found"}
{"level":"info","message":"Connected to MongoDB Atlas"}
{"level":"info","message":"get by Name"}
{"level":"info","message":"Connected to MongoDB Atlas"}
{"level":"info","message":"Document with name { undefined } not found"}
{"level":"info","message":"Connected to MongoDB Atlas"}
{"level":"info","message":"get by Name"}
{"level":"info","message":"Connected to MongoDB Atlas"}
{"level":"info","message":"Document with name { undefined } not found"}
{"level":"info","message":"Server started on port 3001"}
{"level":"info","message":"get by Name"}
{"level":"info","message":"Connected to MongoDB Atlas"}
{"level":"info","message":"Connected to MongoDB Atlas"}
{"level":"info","message":"Connected to MongoDB Atlas"}
{"level":"info","message":"Document with name { undefined } not found"}
{"level":"info","message":"get by Name"}
{"level":"info","message":"Connected to MongoDB Atlas"}
{"level":"info","message":"Document with name { undefined } not found"}
{"level":"info","message":"Server started on port 3001"}
{"level":"info","message":"get by Name"}
{"level":"info","message":"Server started on port 3001"}
{"level":"info","message":"get by Name"}
{"level":"info","message":"Connected to MongoDB Atlas"}
{"level":"info","message":"Connected to MongoDB Atlas"}
{"level":"info","message":"get by Name"}
{"level":"info","message":"Connected to MongoDB Atlas"}
{"level":"info","message":"Connected to MongoDB Atlas"}
{"level":"info","message":"Server started on port 3001"}
{"level":"info","message":"get by Name"}
{"level":"info","message":"Connected to MongoDB Atlas"}
{"level":"info","message":"Document with name {  } not found"}
{"level":"info","message":"get by Name"}
{"level":"info","message":"Connected to MongoDB Atlas"}
{"level":"info","message":"Document with name {  } not found"}
{"level":"info","message":"Server started on port 3001"}
{"level":"info","message":"get by Name"}
{"level":"info","message":"Connected to MongoDB Atlas"}
{"level":"info","message":"Document with name {  } not found"}
{"level":"info","message":"Server started on port 3001"}
{"level":"info","message":"get by Name"}
{"level":"info","message":"Server started on port 3001"}
{"level":"info","message":"Server started on port 3001"}
{"level":"info","message":"get by Name"}
{"level":"info","message":"Connected to MongoDB Atlas"}
{"level":"info","message":"Document with name {  } not found"}
{"level":"info","message":"Connected to MongoDB Atlas"}
{"level":"info","message":"get by Name"}
{"level":"info","message":"Connected to MongoDB Atlas"}
{"level":"info","message":"Connected to MongoDB Atlas"}
{"level":"info","message":"Document with name {  } not found"}
{"level":"info","message":"get by Name"}
{"level":"info","message":"Connected to MongoDB Atlas"}
{"level":"info","message":"Document with name {  } not found"}
{"level":"info","message":"Server started on port 3001"}
{"level":"info","message":"get by Name"}
{"level":"info","message":"Connected to MongoDB Atlas"}
{"level":"info","message":"Document with name { i } not found"}
{"level":"info","message":"Server started on port 3001"}
{"level":"info","message":"get by Name"}
{"level":"info","message":"Connected to MongoDB Atlas"}
{"level":"info","message":"Document with name { i } not found"}
{"level":"info","message":"Server started on port 3001"}
{"level":"info","message":"get by Name"}
{"level":"info","message":"Connected to MongoDB Atlas"}
{"level":"info","message":"get by Name"}
{"level":"info","message":"Connected to MongoDB Atlas"}
{"level":"info","message":"Server started on port 3001"}
{"level":"info","message":"get by Name"}
{"level":"info","message":"Connected to MongoDB Atlas"}
{"level":"info","message":"Connected to MongoDB Atlas"}
{"level":"info","message":"get by Name"}
{"level":"info","message":"Connected to MongoDB Atlas"}
{"level":"info","message":"Connected to MongoDB Atlas"}
{"level":"info","message":"get by Name"}
{"level":"info","message":"Connected to MongoDB Atlas"}
{"level":"info","message":"Server started on port 3001"}
{"level":"info","message":"get by Name"}
{"level":"info","message":"Connected to MongoDB Atlas"}
{"level":"info","message":"Document with name {  } not found"}
{"level":"info","message":"get by Name"}
{"level":"info","message":"Connected to MongoDB Atlas"}
{"level":"info","message":"Document with name {  } not found"}
{"level":"info","message":"Server started on port 3001"}
{"level":"info","message":"Server started on port 3001"}
{"level":"info","message":"Connected to MongoDB Atlas"}
{"level":"info","message":"Connected to MongoDB Atlas"}
{"level":"info","message":"get by Name"}
{"level":"info","message":"Connected to MongoDB Atlas"}
{"level":"info","message":"Document with name { i } not found"}
{"level":"info","message":"Server started on port 3001"}
{"level":"info","message":"Connected to MongoDB Atlas"}
{"level":"info","message":"Connected to MongoDB Atlas"}
{"level":"info","message":"get by Name"}
{"level":"info","message":"Connected to MongoDB Atlas"}
{"level":"info","message":"Document with name { i } not found"}
{"level":"info","message":"Server started on port 3001"}
{"level":"info","message":"Connected to MongoDB Atlas"}
{"level":"info","message":"Connected to MongoDB Atlas"}
{"level":"info","message":"get by Name"}
{"level":"info","message":"Connected to MongoDB Atlas"}
{"level":"info","message":"get by Name"}
{"level":"info","message":"Connected to MongoDB Atlas"}
{"level":"info","message":"Server started on port 3001"}
{"level":"info","message":"Server started on port 3001"}
{"level":"info","message":"Server started on port 3001"}
{"level":"info","message":"get by Name"}
{"level":"info","message":"Connected to MongoDB Atlas"}
{"level":"info","message":"Server started on port 3001"}
{"level":"info","message":"Server started on port 3001"}
{"level":"info","message":"Connected to MongoDB Atlas"}
{"level":"info","message":"Connected to MongoDB Atlas"}
{"level":"info","message":"Server started on port 3001"}
{"level":"info","message":"Connected to MongoDB Atlas"}
{"level":"info","message":"Connected to MongoDB Atlas"}
{"level":"info","message":"Server started on port 3001"}
{"level":"info","message":"Server started on port 3001"}
{"level":"info","message":"Server started on port 3001"}
{"level":"info","message":"Server started on port 3001"}
{"level":"info","message":"Connected to MongoDB Atlas"}
{"level":"info","message":"Connected to MongoDB Atlas"}
{"level":"info","message":"Server started on port 3001"}
{"level":"info","message":"Server started on port 3001"}
{"level":"info","message":"Server started on port 3001"}
{"level":"info","message":"Server started on port 3001"}
{"level":"info","message":"Server started on port 3001"}
{"level":"info","message":"Connected to MongoDB Atlas"}
{"level":"info","message":"Connected to MongoDB Atlas"}
{"level":"info","message":"Server started on port 3001"}
{"level":"info","message":"Server started on port 3001"}
{"level":"info","message":"Connected to MongoDB Atlas"}
{"level":"info","message":"Connected to MongoDB Atlas"}
{"level":"info","message":"Server started on port 3001"}
{"level":"info","message":"Connected to MongoDB Atlas"}
{"level":"info","message":"Connected to MongoDB Atlas"}
{"level":"info","message":"Connected to MongoDB Atlas"}
{"level":"info","message":"Connected to MongoDB Atlas"}
{"level":"info","message":"Server started on port 3001"}
{"level":"info","message":"Connected to MongoDB Atlas"}
{"level":"info","message":"Connected to MongoDB Atlas"}
{"level":"info","message":"Server started on port 3001"}
{"level":"info","message":"Server started on port 3001"}
{"level":"info","message":"Server started on port 3001"}
{"level":"info","message":"Server started on port 3001"}
{"level":"info","message":"Connected to MongoDB Atlas"}
{"level":"info","message":"Connected to MongoDB Atlas"}
{"level":"info","message":"Connected to MongoDB Atlas"}
{"level":"info","message":"Connected to MongoDB Atlas"}
{"level":"info","message":"get by Name"}
{"level":"info","message":"Connected to MongoDB Atlas"}
{"level":"info","message":"Server started on port 3001"}
{"level":"info","message":"Server started on port 3001"}
{"level":"info","message":"Connected to MongoDB Atlas"}
{"level":"info","message":"Connected to MongoDB Atlas"}
{"level":"info","message":"get by Name"}
{"level":"info","message":"Connected to MongoDB Atlas"}
{"level":"info","message":"Server started on port 3001"}
{"level":"info","message":"Server started on port 3001"}
{"level":"info","message":"get by Name"}
{"level":"info","message":"Connected to MongoDB Atlas"}
{"level":"info","message":"Document with name { rajasekhar } not found"}
{"level":"info","message":"Server started on port 3001"}
{"level":"info","message":"Connected to MongoDB Atlas"}
{"level":"info","message":"Connected to MongoDB Atlas"}
{"level":"info","message":"get by Name"}
{"level":"info","message":"Connected to MongoDB Atlas"}
{"level":"info","message":"Document with name { raj } not found"}
{"level":"info","message":"Server started on port 3001"}
{"level":"info","message":"Connected to MongoDB Atlas"}
{"level":"info","message":"Connected to MongoDB Atlas"}
{"level":"info","message":"get by Name"}
{"level":"info","message":"Connected to MongoDB Atlas"}
{"level":"info","message":"Document with name { raj } not found"}
{"level":"info","message":"Server started on port 3001"}
{"level":"info","message":"Server started on port 3001"}
{"level":"info","message":"get by Name"}
{"level":"info","message":"Connected to MongoDB Atlas"}
{"level":"info","message":"Document with name { raj } not found"}
{"level":"info","message":"Server started on port 3001"}
{"level":"info","message":"Connected to MongoDB Atlas"}
{"level":"info","message":"Connected to MongoDB Atlas"}
{"level":"info","message":"get by Name"}
{"level":"info","message":"Connected to MongoDB Atlas"}
{"level":"info","message":"Document with name { res } not found"}
{"level":"info","message":"Server started on port 3001"}
{"level":"info","message":"Connected to MongoDB Atlas"}
{"level":"info","message":"Connected to MongoDB Atlas"}
{"level":"info","message":"get by Name"}
{"level":"info","message":"Connected to MongoDB Atlas"}
{"level":"info","message":"Document with name { raj } not found"}
{"level":"info","message":"Server started on port 3001"}
{"level":"info","message":"Connected to MongoDB Atlas"}
{"level":"info","message":"Connected to MongoDB Atlas"}
{"level":"info","message":"get by Name"}
{"level":"info","message":"Connected to MongoDB Atlas"}
{"level":"info","message":"Document with name { raj } not found"}
{"level":"info","message":"Server started on port 3001"}
{"level":"info","message":"Connected to MongoDB Atlas"}
{"level":"info","message":"Connected to MongoDB Atlas"}
{"level":"info","message":"get by Name"}
{"level":"info","message":"Connected to MongoDB Atlas"}
{"level":"info","message":"Document with name { raj } not found"}
{"level":"info","message":"Server started on port 3001"}
{"level":"info","message":"Connected to MongoDB Atlas"}
{"level":"info","message":"Connected to MongoDB Atlas"}
{"level":"info","message":"get by Name"}
{"level":"info","message":"Connected to MongoDB Atlas"}
{"level":"info","message":"Document with name { raj } not found"}
{"level":"info","message":"Server started on port 3001"}
{"level":"info","message":"Server started on port 3001"}
{"level":"info","message":"Server started on port 3001"}
{"level":"info","message":"Connected to MongoDB Atlas"}
{"level":"info","message":"Connected to MongoDB Atlas"}
{"level":"info","message":"get by Name"}
{"level":"info","message":"Connected to MongoDB Atlas"}
{"level":"info","message":"Document with name { raj } not found"}
{"level":"info","message":"Server started on port 3001"}
{"level":"info","message":"Connected to MongoDB Atlas"}
{"level":"info","message":"Connected to MongoDB Atlas"}
{"level":"info","message":"get by Name"}
{"level":"info","message":"Connected to MongoDB Atlas"}
{"level":"info","message":"Document with name { raj } not found"}
{"level":"info","message":"get by Name"}
{"level":"info","message":"Connected to MongoDB Atlas"}
{"level":"info","message":"Server started on port 3001"}
{"level":"info","message":"Connected to MongoDB Atlas"}
{"level":"info","message":"Connected to MongoDB Atlas"}
{"level":"info","message":"get by Name"}
{"level":"info","message":"Connected to MongoDB Atlas"}
{"level":"info","message":"Server started on port 3001"}
{"level":"info","message":"Connected to MongoDB Atlas"}
{"level":"info","message":"Connected to MongoDB Atlas"}
{"level":"info","message":"Connected to MongoDB Atlas"}
{"level":"info","message":"Connected to MongoDB Atlas"}
{"level":"info","message":"get by Name"}
{"level":"info","message":"Connected to MongoDB Atlas"}
{"level":"info","message":"Server started on port 3001"}
{"level":"info","message":"Connected to MongoDB Atlas"}
{"level":"info","message":"Connected to MongoDB Atlas"}
{"level":"info","message":"get by Name"}
{"level":"info","message":"Connected to MongoDB Atlas"}
{"level":"info","message":"Document with name { raj } not found"}
{"level":"info","message":"Server started on port 3001"}
{"level":"info","message":"Connected to MongoDB Atlas"}
{"level":"info","message":"Connected to MongoDB Atlas"}
{"level":"info","message":"get by Name"}
{"level":"info","message":"Connected to MongoDB Atlas"}
{"level":"info","message":"Document with name { ra } not found"}
{"level":"info","message":"Server started on port 3001"}
{"level":"info","message":"Server started on port 3001"}
{"level":"info","message":"Server started on port 3001"}
{"level":"info","message":"Connected to MongoDB Atlas"}
{"level":"info","message":"Connected to MongoDB Atlas"}
{"level":"info","message":"get by Name"}
{"level":"info","message":"Connected to MongoDB Atlas"}
{"level":"info","message":"Document with name { raj } not found"}
{"level":"info","message":"get by Name"}
{"level":"info","message":"Connected to MongoDB Atlas"}
{"level":"info","message":"Server started on port 3001"}
{"level":"info","message":"Connected to MongoDB Atlas"}
{"level":"info","message":"Connected to MongoDB Atlas"}
{"level":"info","message":"Server started on port 3001"}
{"level":"info","message":"Server started on port 3001"}
{"level":"info","message":"Server started on port 3001"}
{"level":"info","message":"Server started on port 3001"}
{"level":"info","message":"Connected to MongoDB Atlas"}
{"level":"info","message":"Connected to MongoDB Atlas"}
{"level":"info","message":"get by Name"}
{"level":"info","message":"Connected to MongoDB Atlas"}
{"level":"info","message":"Server started on port 3001"}
{"level":"info","message":"Connected to MongoDB Atlas"}
{"level":"info","message":"Connected to MongoDB Atlas"}
{"level":"info","message":"get by Name"}
{"level":"info","message":"Connected to MongoDB Atlas"}
{"level":"info","message":"Server started on port 3001"}
{"level":"info","message":"Connected to MongoDB Atlas"}
{"level":"info","message":"Connected to MongoDB Atlas"}
{"level":"info","message":"get by Name"}
{"level":"info","message":"Connected to MongoDB Atlas"}
{"level":"info","message":"Server started on port 3001"}
{"level":"info","message":"Connected to MongoDB Atlas"}
{"level":"info","message":"Connected to MongoDB Atlas"}
{"level":"info","message":"Connected to MongoDB Atlas"}
{"level":"info","message":"Server started on port 3001"}
{"level":"info","message":"Connected to MongoDB Atlas"}
{"level":"info","message":"Connected to MongoDB Atlas"}
{"level":"info","message":"get by Name"}
{"level":"info","message":"Connected to MongoDB Atlas"}
{"level":"info","message":"Server started on port 3001"}
{"level":"info","message":"Connected to MongoDB Atlas"}
{"level":"info","message":"Connected to MongoDB Atlas"}
{"level":"info","message":"get by Name"}
{"level":"info","message":"Connected to MongoDB Atlas"}
{"level":"info","message":"Server started on port 3001"}
{"level":"info","message":"Connected to MongoDB Atlas"}
{"level":"info","message":"Connected to MongoDB Atlas"}
{"level":"info","message":"get by Name"}
{"level":"info","message":"Connected to MongoDB Atlas"}
{"level":"info","message":"Server started on port 3001"}
{"level":"info","message":"Server started on port 3001"}
{"level":"info","message":"Connected to MongoDB Atlas"}
{"level":"info","message":"Connected to MongoDB Atlas"}
{"level":"info","message":"Server started on port 3001"}
{"level":"info","message":"Connected to MongoDB Atlas"}
{"level":"info","message":"Connected to MongoDB Atlas"}
{"level":"info","message":"Server started on port 3001"}
{"level":"info","message":"Connected to MongoDB Atlas"}
{"level":"info","message":"Connected to MongoDB Atlas"}
{"level":"info","message":"Connected to MongoDB Atlas"}
{"level":"info","message":"Connected to MongoDB Atlas"}
{"level":"info","message":"Connected to MongoDB Atlas"}
{"level":"info","message":"Connected to MongoDB Atlas"}
{"level":"info","message":"Connected to MongoDB Atlas"}
{"level":"info","message":"Connected to MongoDB Atlas"}
{"level":"info","message":"Server started on port 3001"}
{"level":"info","message":"Server started on port 3001"}
{"level":"info","message":"Server started on port 3001"}
{"level":"info","message":"Server started on port 3001"}
{"level":"info","message":"Connected to MongoDB Atlas"}
{"level":"info","message":"Connected to MongoDB Atlas"}
{"level":"info","message":"Connected to MongoDB Atlas"}
{"level":"info","message":"Connected to MongoDB Atlas"}
{"level":"info","message":"Server started on port 3001"}
{"level":"info","message":"Connected to MongoDB Atlas"}
{"level":"info","message":"Connected to MongoDB Atlas"}
{"level":"info","message":"Connected to MongoDB Atlas"}
{"level":"info","message":"Connected to MongoDB Atlas"}
{"level":"info","message":"Server started on port 3001"}
{"level":"info","message":"Connected to MongoDB Atlas"}
{"level":"info","message":"Connected to MongoDB Atlas"}
{"level":"info","message":"Connected to MongoDB Atlas"}
{"level":"info","message":"Connected to MongoDB Atlas"}
{"level":"info","message":"Connected to MongoDB Atlas"}
{"level":"info","message":"Connected to MongoDB Atlas"}
{"level":"info","message":"Server started on port 3001"}
{"level":"info","message":"Server started on port 3001"}
{"level":"info","message":"Server started on port 3001"}
{"level":"info","message":"Server started on port 3001"}
{"level":"info","message":"Server started on port 3001"}
{"level":"info","message":"Server started on port 3001"}
{"level":"info","message":"Server started on port 3001"}
{"level":"info","message":"Server started on port 3001"}
{"level":"info","message":"Server started on port 3001"}
{"level":"info","message":"Server started on port 3001"}
{"level":"info","message":"Server started on port 3001"}
{"level":"info","message":"Server started on port 3001"}
{"level":"info","message":"Server started on port 3001"}
{"level":"info","message":"Server started on port 3001"}
{"level":"info","message":"Server started on port 3001"}
{"level":"info","message":"Server started on port 3001"}
{"level":"info","message":"Server started on port 3001"}
{"level":"info","message":"Server started on port 3001"}
{"level":"info","message":"Connected to MongoDB Atlas"}
{"level":"info","message":"Connected to MongoDB Atlas"}
{"level":"info","message":"Connected to MongoDB Atlas"}
{"level":"info","message":"Connected to MongoDB Atlas"}
{"level":"info","message":"Server started on port 3001"}
{"level":"info","message":"Server started on port 3001"}
{"level":"info","message":"Connected to MongoDB Atlas"}
{"level":"info","message":"Connected to MongoDB Atlas"}
{"level":"info","message":"Server started on port 3001"}
{"level":"info","message":"Server started on port 3001"}
{"level":"info","message":"Connected to MongoDB Atlas"}
{"level":"info","message":"Server started on port 3001"}
{"level":"info","message":"get by Name"}
{"level":"info","message":"Connected to MongoDB Atlas"}
{"level":"info","message":"Server started on port 3001"}
{"level":"info","message":"Server started on port 3001"}
{"level":"info","message":"Connected to MongoDB Atlas"}
{"level":"info","message":"Connected to MongoDB Atlas"}
{"level":"info","message":"Server started on port 3001"}
{"level":"info","message":"Server started on port 3001"}
{"level":"info","message":"Server started on port 3001"}
{"level":"info","message":"Server started on port 3001"}
{"level":"info","message":"Server started on port 3001"}
{"level":"info","message":"Server started on port 3001"}
{"level":"info","message":"Server started on port 3001"}
{"level":"info","message":"Server started on port 3001"}
{"level":"info","message":"Server started on port 3001"}
{"level":"info","message":"Server started on port 3001"}
{"level":"info","message":"Server started on port 3001"}
{"level":"info","message":"Server started on port 3001"}
{"level":"info","message":"Server started on port 3001"}
{"level":"info","message":"Server started on port 3001"}
{"level":"info","message":"Server started on port 3001"}
{"level":"info","message":"Connected to MongoDB Atlas"}
{"level":"info","message":"Connected to MongoDB Atlas"}
{"level":"info","message":"Server started on port 3001"}
{"level":"info","message":"Server started on port 3001"}
{"level":"info","message":"Connected to MongoDB Atlas"}
{"level":"info","message":"Connected to MongoDB Atlas"}
{"level":"info","message":"Server started on port 3001"}
{"level":"info","message":"Connected to MongoDB Atlas"}
{"level":"info","message":"Connected to MongoDB Atlas"}
{"level":"info","message":"get by Age"}
{"level":"info","message":25}
{"level":"info","message":"Connected to MongoDB Atlas"}
{"level":"info","message":"Document with age { 25 } not found"}
{"level":"info","message":"get by Age"}
{"level":"info","message":45}
{"level":"info","message":"Connected to MongoDB Atlas"}
{"level":"info","message":"Connected to MongoDB Atlas"}
{"level":"info","message":"Connected to MongoDB Atlas"}
{"level":"info","message":"Server started on port 3001"}
{"level":"info","message":"Connected to MongoDB Atlas"}
{"level":"info","message":"Connected to MongoDB Atlas"}
{"level":"info","message":"Server started on port 3001"}
{"level":"info","message":"get by Name"}
{"level":"info","message":"Connected to MongoDB Atlas"}
{"level":"info","message":"get by Age"}
{"level":"info","message":45}
{"level":"info","message":"Connected to MongoDB Atlas"}
{"level":"info","message":"Server started on port 3001"}
{"level":"info","message":"get by Age"}
{"level":"info","message":45}
{"level":"info","message":"Connected to MongoDB Atlas"}
{"level":"info","message":"Connected to MongoDB Atlas"}
{"level":"info","message":"Connected to MongoDB Atlas"}
{"level":"info","message":"Server started on port 3001"}
{"level":"info","message":"Connected to MongoDB Atlas"}
{"level":"info","message":"Connected to MongoDB Atlas"}
{"level":"info","message":"Connected to MongoDB Atlas"}
{"level":"info","message":"Server started on port 3001"}
{"level":"info","message":"Connected to MongoDB Atlas"}
{"level":"info","message":"Connected to MongoDB Atlas"}
{"level":"info","message":"get by Name"}
{"level":"info","message":"Connected to MongoDB Atlas"}
{"level":"info","message":"get by Age"}
{"level":"info","message":45}
{"level":"info","message":"Connected to MongoDB Atlas"}
{"level":"info","message":"Server started on port 3001"}
{"level":"info","message":"Server started on port 3001"}
{"level":"info","message":"Server started on port 3001"}
{"level":"info","message":"Server started on port 3001"}
{"level":"info","message":"Server started on port 3001"}
{"level":"info","message":"Connected to MongoDB Atlas"}
{"level":"info","message":"Connected to MongoDB Atlas"}
{"level":"info","message":"Server started on port 3001"}
{"level":"info","message":"Server started on port 3001"}
{"level":"info","message":"Server started on port 3001"}
{"level":"info","message":"Server started on port 3001"}
{"level":"info","message":"Server started on port 3001"}
{"level":"info","message":"Server started on port 3001"}
{"level":"info","message":"Server started on port 3001"}
{"level":"info","message":"Server started on port 3001"}
{"level":"info","message":"Server started on port 3001"}
{"level":"info","message":"Connected to MongoDB Atlas"}
{"level":"info","message":"Connected to MongoDB Atlas"}
{"level":"info","message":"suraj"}
{"level":"info","message":"Connected to MongoDB Atlas"}
{"level":"info","message":"Document deleted successfully"}
{"level":"info","message":"Connected to MongoDB Atlas"}
{"level":"info","message":"Connected to MongoDB Atlas"}
{"level":"info","message":"Server started on port 3001"}
{"level":"info","message":"ihi"}
{"level":"info","message":"Connected to MongoDB Atlas"}
{"level":"info","message":"Document deleted successfully"}
{"level":"info","message":"Connected to MongoDB Atlas"}
{"level":"info","message":"Connected to MongoDB Atlas"}
{"level":"info","message":"Connected to MongoDB Atlas"}
{"level":"info","message":"Connected to MongoDB Atlas"}
{"level":"info","message":"Connected to MongoDB Atlas"}
{"level":"info","message":"Connected to MongoDB Atlas"}
{"level":"info","message":"Server started on port 3001"}
{"level":"info","message":"Server started on port 3001"}
{"level":"info","message":"Server started on port 3001"}
{"level":"info","message":"Connected to MongoDB Atlas"}
{"level":"info","message":"Connected to MongoDB Atlas"}
{"level":"info","message":"Connected to MongoDB Atlas"}
{"level":"info","message":"Server started on port 3001"}
{"level":"info","message":"suraj"}
{"level":"info","message":"Connected to MongoDB Atlas"}
{"level":"info","message":"Document not found"}
{"level":"info","message":"Server started on port 3001"}
{"level":"info","message":"Server started on port 3001"}
{"level":"info","message":"Server started on port 3001"}
{"level":"info","message":"Server started on port 3001"}
{"level":"info","message":"Server started on port 3001"}
{"level":"info","message":"Connected to MongoDB Atlas"}
{"level":"info","message":"Connected to MongoDB Atlas"}
{"level":"info","message":"suraj"}
{"level":"info","message":"Connected to MongoDB Atlas"}
{"level":"info","message":"Document deleted successfully"}
{"level":"info","message":"Server started on port 3001"}
{"level":"info","message":"rahul"}
{"level":"info","message":"Connected to MongoDB Atlas"}
{"level":"info","message":"Document deleted successfully"}
{"level":"info","message":"Connected to MongoDB Atlas"}
{"level":"info","message":"Connected to MongoDB Atlas"}
{"level":"info","message":"Server started on port 3001"}
{"level":"info","message":"asif"}
{"level":"info","message":"Connected to MongoDB Atlas"}
{"level":"info","message":"Document deleted successfully"}
{"level":"info","message":"Connected to MongoDB Atlas"}
{"level":"info","message":"Connected to MongoDB Atlas"}
{"level":"info","message":"Server started on port 3001"}
{"level":"info","message":"Server started on port 3001"}
{"level":"info","message":"Server started on port 3001"}
{"level":"info","message":"Connected to MongoDB Atlas"}
{"level":"info","message":"Connected to MongoDB Atlas"}
{"level":"info","message":"Connected to MongoDB Atlas"}
{"level":"info","message":"Server started on port 3001"}
{"level":"info","message":"Connected to MongoDB Atlas"}
{"level":"info","message":"Server started on port 3001"}
{"level":"info","message":"Server started on port 3001"}
{"level":"info","message":"Server started on port 3001"}
{"level":"info","message":"Server started on port 3001"}
{"level":"info","message":"Server started on port 3001"}
{"level":"info","message":"Connected to MongoDB Atlas"}
{"level":"info","message":"Connected to MongoDB Atlas"}
{"level":"info","message":"suchit"}
{"level":"info","message":"Connected to MongoDB Atlas"}
{"level":"info","message":"Document deleted successfully"}
{"level":"info","message":"Server started on port 3001"}
{"level":"info","message":"Connected to MongoDB Atlas"}
{"level":"info","message":"Connected to MongoDB Atlas"}
{"level":"info","message":"Connected to MongoDB Atlas"}
{"level":"info","message":"Connected to MongoDB Atlas"}
{"level":"info","message":"Server started on port 3001"}
{"level":"info","message":"suraj"}
{"level":"info","message":"Connected to MongoDB Atlas"}
{"level":"info","message":"Document deleted successfully"}
{"level":"info","message":"Server started on port 3001"}
{"level":"info","message":"Connected to MongoDB Atlas"}
{"level":"info","message":"Connected to MongoDB Atlas"}
{"level":"info","message":"Connected to MongoDB Atlas"}
{"level":"info","message":"Connected to MongoDB Atlas"}
{"level":"info","message":"get by Name"}
{"level":"info","message":"Connected to MongoDB Atlas"}
{"level":"info","message":"suraj"}
{"level":"info","message":"Connected to MongoDB Atlas"}
{"level":"info","message":"Document deleted successfully"}
{"level":"info","message":"Connected to MongoDB Atlas"}
{"level":"info","message":"Connected to MongoDB Atlas"}
{"level":"info","message":"Connected to MongoDB Atlas"}
{"level":"info","message":"Connected to MongoDB Atlas"}
{"level":"info","message":"suyraj"}
{"level":"info","message":"Connected to MongoDB Atlas"}
{"level":"info","message":"Document deleted successfully"}
{"level":"info","message":"Server started on port 3001"}
{"level":"info","message":"Server started on port 3001"}
{"level":"info","message":"Server started on port 3001"}
{"level":"info","message":"Connected to MongoDB Atlas"}
{"level":"info","message":"Connected to MongoDB Atlas"}
{"level":"info","message":"Connected to MongoDB Atlas"}
{"level":"info","message":"Connected to MongoDB Atlas"}
{"level":"info","message":"suraj name\t"}
{"level":"info","message":"Connected to MongoDB Atlas"}
{"level":"info","message":"Document not found"}
{"level":"info","message":"Connected to MongoDB Atlas"}
{"level":"info","message":"Connected to MongoDB Atlas"}
{"level":"info","message":"suyraj"}
{"level":"info","message":"Connected to MongoDB Atlas"}
{"level":"info","message":"Document deleted successfully"}
{"level":"info","message":"Server started on port 3001"}
{"level":"info","message":"Server started on port 3001"}
{"level":"info","message":"Connected to MongoDB Atlas"}
{"level":"info","message":"Server started on port 3001"}
{"level":"info","message":"Connected to MongoDB Atlas"}
{"level":"info","message":"Server started on port 3001"}
{"level":"info","message":"Server started on port 3001"}
{"level":"info","message":"Connected to MongoDB Atlas"}
{"level":"info","message":"Connected to MongoDB Atlas"}
{"level":"info","message":"Server started on port 3001"}
{"level":"info","message":"Server started on port 3001"}
{"level":"info","message":"Server started on port 3001"}
{"level":"info","message":"Connected to MongoDB Atlas"}
{"level":"info","message":"Connected to MongoDB Atlas"}
{"level":"info","message":"Connected to MongoDB Atlas"}
{"level":"info","message":"Connected to MongoDB Atlas"}
{"level":"info","message":"Connected to MongoDB Atlas"}
{"level":"info","message":"Connected to MongoDB Atlas"}
{"level":"info","message":"Server started on port 3001"}
{"level":"info","message":"Connected to MongoDB Atlas"}
{"level":"info","message":"Server started on port 3001"}
{"level":"info","message":"Connected to MongoDB Atlas"}
{"level":"info","message":"Connected to MongoDB Atlas"}
{"level":"info","message":"Connected to MongoDB Atlas"}
{"level":"info","message":"Connected to MongoDB Atlas"}
{"level":"info","message":"suraj"}
{"level":"info","message":"Connected to MongoDB Atlas"}
{"level":"info","message":"Document deleted successfully"}
{"level":"info","message":"Connected to MongoDB Atlas"}
{"level":"info","message":"Connected to MongoDB Atlas"}
{"level":"info","message":"Connected to MongoDB Atlas"}
{"level":"info","message":"Connected to MongoDB Atlas"}
{"level":"info","message":"Connected to MongoDB Atlas"}
{"level":"info","message":"Connected to MongoDB Atlas"}
{"level":"info","message":"Server started on port 3001"}
{"level":"info","message":"Server started on port 3001"}
{"level":"info","message":"suraj"}
{"level":"info","message":"Connected to MongoDB Atlas"}
{"level":"info","message":"Document deleted successfully"}
{"level":"info","message":"Connected to MongoDB Atlas"}
{"level":"info","message":"Server started on port 3001"}
{"level":"info","message":"Connected to MongoDB Atlas"}
{"level":"info","message":"Server started on port 3001"}
{"level":"info","message":"Connected to MongoDB Atlas"}
{"level":"info","message":"Connected to MongoDB Atlas"}
{"level":"info","message":"Connected to MongoDB Atlas"}
{"level":"info","message":"Connected to MongoDB Atlas"}
{"level":"info","message":"Connected to MongoDB Atlas"}
{"level":"info","message":"Connected to MongoDB Atlas"}
{"level":"info","message":"Connected to MongoDB Atlas"}
{"level":"info","message":"suraj"}
{"level":"info","message":"Connected to MongoDB Atlas"}
{"level":"info","message":"Document deleted successfully"}
{"level":"info","message":"Connected to MongoDB Atlas"}
{"level":"info","message":"Connected to MongoDB Atlas"}
{"level":"info","message":"Connected to MongoDB Atlas"}
{"level":"info","message":"Connected to MongoDB Atlas"}
{"level":"info","message":"surajname"}
{"level":"info","message":"Connected to MongoDB Atlas"}
{"level":"info","message":"Document deleted successfully"}
{"level":"info","message":"Connected to MongoDB Atlas"}
{"level":"info","message":"Server started on port 3001"}
{"level":"info","message":"Connected to MongoDB Atlas"}
{"level":"info","message":"Connected to MongoDB Atlas"}
{"level":"info","message":"Connected to MongoDB Atlas"}
{"level":"info","message":"KNSDFL"}
{"level":"info","message":"Connected to MongoDB Atlas"}
{"level":"info","message":"Document deleted successfully"}
{"level":"info","message":"Server started on port 3001"}
{"level":"info","message":"Server started on port 3001"}
{"level":"info","message":"Server started on port 3001"}
{"level":"info","message":"sueraj"}
{"level":"info","message":"Connected to MongoDB Atlas"}
{"level":"info","message":"Document deleted successfully"}
{"level":"info","message":"Connected to MongoDB Atlas"}
{"level":"info","message":"Connected to MongoDB Atlas"}
{"level":"info","message":"Server started on port 3001"}
{"level":"info","message":"Connected to MongoDB Atlas"}
{"level":"info","message":"Connected to MongoDB Atlas"}
{"level":"info","message":"Connected to MongoDB Atlas"}
{"level":"info","message":"suraj"}
{"level":"info","message":"Connected to MongoDB Atlas"}
{"level":"info","message":"Document deleted successfully"}
{"level":"info","message":"Server started on port 3001"}
{"level":"info","message":"Server started on port 3001"}
{"level":"info","message":"Server started on port 3001"}
{"level":"info","message":"Connected to MongoDB Atlas"}
{"level":"info","message":"Connected to MongoDB Atlas"}
{"level":"info","message":"Connected to MongoDB Atlas"}
{"level":"info","message":"Connected to MongoDB Atlas"}
{"level":"info","message":"Connected to MongoDB Atlas"}
{"level":"info","message":"suraj"}
{"level":"info","message":"Connected to MongoDB Atlas"}
{"level":"info","message":"Document deleted successfully"}
{"level":"info","message":"Server started on port 3001"}
{"level":"info","message":"Server started on port 3001"}
{"level":"info","message":"Server started on port 3001"}
{"level":"info","message":"Server started on port 3001"}
{"level":"info","message":"Server started on port 3001"}
{"level":"info","message":"Server started on port 3001"}
{"level":"info","message":"suraj"}
{"level":"info","message":"Connected to MongoDB Atlas"}
{"level":"info","message":"Document deleted successfully"}
{"level":"info","message":"Server started on port 3001"}
{"level":"info","message":"Connected to MongoDB Atlas"}
{"level":"info","message":"Connected to MongoDB Atlas"}
{"level":"info","message":"Connected to MongoDB Atlas"}
{"level":"info","message":"Connected to MongoDB Atlas"}
{"level":"info","message":"Connected to MongoDB Atlas"}
{"level":"info","message":"suraj"}
{"level":"info","message":"Connected to MongoDB Atlas"}
{"level":"info","message":"Document deleted successfully"}
{"level":"info","message":"Server started on port 3001"}
{"level":"info","message":"Server started on port 3001"}
{"level":"info","message":"Connected to MongoDB Atlas"}
{"level":"info","message":"Connected to MongoDB Atlas"}
{"level":"info","message":"Connected to MongoDB Atlas"}
{"level":"info","message":"surtaj"}
{"level":"info","message":"Connected to MongoDB Atlas"}
{"level":"info","message":"Document deleted successfully"}
{"level":"info","message":"Connected to MongoDB Atlas"}
{"level":"info","message":"Server started on port 3001"}
{"level":"info","message":"67"}
{"level":"info","message":"Connected to MongoDB Atlas"}
{"level":"info","message":"Document deleted successfully"}
{"level":"info","message":"Connected to MongoDB Atlas"}
{"level":"info","message":"Server started on port 3001"}
{"level":"info","message":"raj"}
{"level":"info","message":"Connected to MongoDB Atlas"}
{"level":"info","message":"Document deleted successfully"}
{"level":"info","message":"Connected to MongoDB Atlas"}
{"level":"info","message":"Server started on port 3001"}
{"level":"info","message":"Server started on port 3001"}
{"level":"info","message":"Connected to MongoDB Atlas"}
{"level":"info","message":"Connected to MongoDB Atlas"}
{"level":"info","message":"Connected to MongoDB Atlas"}
{"level":"info","message":"suraj"}
{"level":"info","message":"Connected to MongoDB Atlas"}
{"level":"info","message":"Document deleted successfully"}
{"level":"info","message":"Connected to MongoDB Atlas"}
{"level":"info","message":"sfsf"}
{"level":"info","message":"Connected to MongoDB Atlas"}
{"level":"info","message":"Document not found"}
{"level":"info","message":"Connected to MongoDB Atlas"}
{"level":"info","message":"Connected to MongoDB Atlas"}
{"level":"info","message":"Connected to MongoDB Atlas"}
{"level":"info","message":"Connected to MongoDB Atlas"}
{"level":"info","message":"Connected to MongoDB Atlas"}
{"level":"info","message":"Connected to MongoDB Atlas"}
{"level":"info","message":"Server started on port 3001"}
{"level":"info","message":"Server started on port 3001"}
{"level":"info","message":"Connected to MongoDB Atlas"}
{"level":"info","message":"Connected to MongoDB Atlas"}
{"level":"info","message":"Connected to MongoDB Atlas"}
{"level":"info","message":"Connected to MongoDB Atlas"}
{"level":"info","message":"Connected to MongoDB Atlas"}
{"level":"info","message":"Connected to MongoDB Atlas"}
{"level":"info","message":"Server started on port 3001"}
{"level":"info","message":"Server started on port 3001"}
{"code":"ECONNREFUSED","hostname":"_mongodb._tcp.cluster0.ixfsgzn.mongodb.net","level":"error","syscall":"querySrv"}
{"level":"info","message":"Server started on port 3001"}
{"level":"info","message":"Connected to MongoDB Atlas"}
{"level":"info","message":"Connected to MongoDB Atlas"}
{"level":"info","message":"Connected to MongoDB Atlas"}
{"level":"info","message":"Connected to MongoDB Atlas"}
{"level":"info","message":"raj"}
{"level":"info","message":"Connected to MongoDB Atlas"}
{"level":"info","message":"Document deleted successfully"}
{"level":"info","message":"Connected to MongoDB Atlas"}
{"level":"info","message":"sdfsdfsd"}
{"level":"info","message":"Connected to MongoDB Atlas"}
{"level":"info","message":"Document not found"}
{"level":"info","message":"Connected to MongoDB Atlas"}
{"level":"info","message":"sdfsdf"}
{"level":"info","message":"Connected to MongoDB Atlas"}
{"level":"info","message":"Document not found"}
{"level":"info","message":"Server started on port 3001"}
{"level":"info","message":"Connected to MongoDB Atlas"}
{"level":"info","message":"Connected to MongoDB Atlas"}
{"level":"info","message":"Connected to MongoDB Atlas"}
{"level":"info","message":"Server started on port 3001"}
{"level":"info","message":"Connected to MongoDB Atlas"}
{"level":"info","message":"Server started on port 3001"}
{"level":"info","message":"Connected to MongoDB Atlas"}
{"level":"info","message":"Connected to MongoDB Atlas"}
{"level":"info","message":"Connected to MongoDB Atlas"}
{"level":"info","message":"Connected to MongoDB Atlas"}
{"level":"info","message":"asif"}
{"level":"info","message":"Connected to MongoDB Atlas"}
{"level":"info","message":"Document deleted successfully"}
{"level":"info","message":"Connected to MongoDB Atlas"}
{"level":"info","message":"rahul"}
{"level":"info","message":"Connected to MongoDB Atlas"}
{"level":"info","message":"Document deleted successfully"}
{"level":"info","message":"Connected to MongoDB Atlas"}
{"level":"info","message":"Connected to MongoDB Atlas"}
{"level":"info","message":"Connected to MongoDB Atlas"}
{"level":"info","message":"sf"}
{"level":"info","message":"Connected to MongoDB Atlas"}
{"level":"info","message":"Document not found"}
{"level":"info","message":"Connected to MongoDB Atlas"}
{"level":"info","message":"Connected to MongoDB Atlas"}
{"level":"info","message":"Connected to MongoDB Atlas"}
{"level":"info","message":"asdasd"}
{"level":"info","message":"Connected to MongoDB Atlas"}
{"level":"info","message":"Document not found"}
{"level":"info","message":"Server started on port 3001"}
{"level":"info","message":"Server started on port 3001"}
{"level":"info","message":"Server started on port 3001"}
{"level":"info","message":"Server started on port 3001"}
{"level":"info","message":"Server started on port 3001"}
{"level":"info","message":"Connected to MongoDB Atlas"}
{"level":"info","message":"Connected to MongoDB Atlas"}
{"level":"info","message":"Connected to MongoDB Atlas"}
{"level":"info","message":"Connected to MongoDB Atlas"}
{"level":"info","message":"Connected to MongoDB Atlas"}
{"level":"info","message":"Connected to MongoDB Atlas"}
{"level":"info","message":"Server started on port 3001"}
{"level":"info","message":"Server started on port 3001"}
{"level":"info","message":"Server started on port 3001"}
{"level":"info","message":"Server started on port 3001"}
{"level":"info","message":"Server started on port 3001"}
{"level":"info","message":"Server started on port 3001"}
{"level":"info","message":"Server started on port 3001"}
{"level":"info","message":"Server started on port 3001"}
{"level":"info","message":"Server started on port 3001"}
{"level":"info","message":"Server started on port 3001"}
{"level":"info","message":"Server started on port 3001"}
{"level":"info","message":"Server started on port 3001"}
{"level":"info","message":"Server started on port 3001"}
{"level":"info","message":"Server started on port 3001"}
{"level":"info","message":"Connected to MongoDB Atlas"}
{"level":"info","message":"Connected to MongoDB Atlas"}
{"level":"info","message":"Connected to MongoDB Atlas"}
{"level":"info","message":"get by Name"}
{"level":"info","message":"Connected to MongoDB Atlas"}
{"level":"info","message":"Server started on port 3001"}
{"level":"info","message":"Server started on port 3001"}
{"level":"info","message":"Server started on port 3001"}
{"level":"info","message":"Connected to MongoDB Atlas"}
{"level":"info","message":"Connected to MongoDB Atlas"}
{"level":"info","message":"Connected to MongoDB Atlas"}
{"level":"info","message":"get by Name"}
{"level":"info","message":"Connected to MongoDB Atlas"}
{"level":"info","message":"get by Name"}
{"level":"info","message":"Connected to MongoDB Atlas"}
{"level":"info","message":"Document with name {  } not found"}
{"level":"info","message":"Server started on port 3001"}
{"level":"info","message":"get by Name"}
{"level":"info","message":"Connected to MongoDB Atlas"}
{"level":"info","message":"Document with name {  } not found"}
{"level":"info","message":"Server started on port 3001"}
{"level":"info","message":"Server started on port 3001"}
{"level":"info","message":"get by Name"}
{"level":"info","message":"Connected to MongoDB Atlas"}
{"level":"info","message":"Server started on port 3001"}
{"level":"info","message":"get by Name"}
{"level":"info","message":"userName = suraj"}
{"level":"info","message":"Connected to MongoDB Atlas"}
{"level":"info","message":"get by Name"}
{"level":"info","message":"userName = sdfsdf"}
{"level":"info","message":"Connected to MongoDB Atlas"}
{"level":"info","message":"Document with name { sdfsdf } not found"}
{"level":"info","message":"Server started on port 3001"}
{"level":"info","message":"Server started on port 3001"}
{"level":"info","message":"Server started on port 3001"}
{"level":"info","message":"Server started on port 3001"}
{"level":"info","message":"Server started on port 3001"}
{"level":"info","message":"Server started on port 3001"}
{"level":"info","message":"Server started on port 3001"}
{"level":"info","message":"get by Name"}
{"level":"info","message":"userName = dfsfs"}
{"level":"info","message":"Connected to MongoDB Atlas"}
{"level":"info","message":"Document with name { dfsfs } not found"}
{"level":"info","message":"Server started on port 3001"}
{"level":"info","message":"get by Name"}
{"level":"info","message":"userName = sdfs"}
{"level":"info","message":"Connected to MongoDB Atlas"}
{"level":"info","message":"Document with name { sdfs } not found"}
{"level":"info","message":"get by Name"}
{"level":"info","message":"userName = fcsdf"}
{"level":"info","message":"Connected to MongoDB Atlas"}
{"level":"info","message":"Document with name { fcsdf } not found"}
{"level":"info","message":"Server started on port 3001"}
{"level":"info","message":"Server started on port 3001"}
{"level":"info","message":"Server started on port 3001"}
{"level":"info","message":"Server started on port 3001"}
{"level":"info","message":"Server started on port 3001"}
{"level":"info","message":"Server started on port 3001"}
{"level":"info","message":"Server started on port 3001"}
{"level":"info","message":"Server started on port 3001"}
{"level":"info","message":"Server started on port 3001"}
{"level":"info","message":"Server started on port 3001"}
{"level":"info","message":"Server started on port 3001"}
{"level":"info","message":"Server started on port 3001"}
{"level":"info","message":"Server started on port 3001"}
{"level":"info","message":"Connected to MongoDB Atlas"}
{"level":"info","message":"Connected to MongoDB Atlas"}
{"level":"info","message":"Connected to MongoDB Atlas"}
{"level":"info","message":"Connected to MongoDB Atlas"}
{"level":"info","message":"Server started on port 3001"}
{"level":"info","message":"Server started on port 3001"}
{"level":"info","message":"Server started on port 3001"}
{"level":"info","message":"Server started on port 3001"}
{"level":"info","message":"Connected to MongoDB Atlas"}
{"level":"info","message":"Connected to MongoDB Atlas"}
{"level":"info","message":"Connected to MongoDB Atlas"}
{"level":"info","message":"Server started on port 3001"}
{"level":"info","message":"Server started on port 3001"}
{"level":"info","message":"Server started on port 3001"}
{"level":"info","message":"Connected to MongoDB Atlas"}
{"level":"info","message":"Connected to MongoDB Atlas"}
{"level":"info","message":"Connected to MongoDB Atlas"}
{"level":"info","message":"Server started on port 3001"}
{"level":"info","message":"Server started on port 3001"}
{"level":"info","message":"Connected to MongoDB Atlas"}
{"level":"info","message":{"acknowledged":true,"insertedId":"644b96c0528ab211a387a5ad"}}
{"level":"info","message":"Server started on port 3001"}
{"level":"info","message":"Server started on port 3001"}
{"level":"info","message":"Server started on port 3001"}
{"level":"info","message":"Server started on port 3001"}
{"level":"info","message":"Server started on port 3001"}
{"level":"info","message":"Server started on port 3001"}
{"level":"info","message":"Connected to MongoDB Atlas"}
{"level":"info","message":"Connected to MongoDB Atlas"}
{"level":"info","message":"Connected to MongoDB Atlas"}
{"level":"info","message":"Server started on port 3001"}
{"level":"info","message":"Connected to MongoDB Atlas"}
{"level":"info","message":{"acknowledged":true,"insertedId":"644b98cba1122b97ed789284"}}
{"level":"info","message":"Server started on port 3001"}
{"level":"info","message":"Connected to MongoDB Atlas"}
{"level":"info","message":{"acknowledged":true,"insertedId":"644b990f0edf447b9a02c9b5"}}
{"level":"info","message":"Server started on port 3001"}
{"level":"info","message":"Connected to MongoDB Atlas"}
{"level":"info","message":{"acknowledged":true,"insertedId":"644b994e8978ecbfcb67ba94"}}
{"level":"info","message":"Server started on port 3001"}
{"level":"info","message":"Connected to MongoDB Atlas"}
{"level":"info","message":"Connected to MongoDB Atlas"}
{"level":"info","message":"Connected to MongoDB Atlas"}
{"level":"info","message":"Connected to MongoDB Atlas"}
{"level":"info","message":{"acknowledged":true,"insertedId":"644b99968c10e22a71052f4b"}}
{"level":"info","message":"Server started on port 3001"}
{"level":"info","message":"Server started on port 3001"}
{"level":"info","message":"Connected to MongoDB Atlas"}
{"level":"info","message":{"acknowledged":true,"insertedId":"644b99f9785d57d661a15750"}}
{"level":"info","message":"Connected to MongoDB Atlas"}
{"level":"info","message":"Connected to MongoDB Atlas"}
{"level":"info","message":"Connected to MongoDB Atlas"}
{"level":"info","message":"Server started on port 3001"}
{"level":"info","message":"Connected to MongoDB Atlas"}
{"level":"info"}
{"level":"info","message":"Server started on port 3001"}
{"level":"info","message":"Connected to MongoDB Atlas"}
{"level":"info"}
{"level":"info","message":"Server started on port 3001"}
{"level":"info","message":"Connected to MongoDB Atlas"}
{"level":"info","message":{"acknowledged":true,"insertedId":"644b9ac580ae72874e901a80"}}
{"level":"info","message":"Server started on port 3001"}
{"level":"info","message":"Connected to MongoDB Atlas"}
{"level":"info","message":"Connected to MongoDB Atlas"}
{"level":"info","message":"Connected to MongoDB Atlas"}
{"level":"info","message":"Connected to MongoDB Atlas"}
{"level":"info","message":{"acknowledged":true,"insertedId":"644b9bd6ff35cdb2203b0206"}}
{"level":"info","message":"Connected to MongoDB Atlas"}
{"level":"info","message":"Connected to MongoDB Atlas"}
{"level":"info","message":"Connected to MongoDB Atlas"}
{"level":"info","message":"Server started on port 3001"}
{"level":"info","message":"Server started on port 3001"}
{"code":"ECONNREFUSED","hostname":"_mongodb._tcp.cluster0.ixfsgzn.mongodb.net","level":"error","syscall":"querySrv"}
{"level":"info","message":"Server started on port 3001"}
{"level":"info","message":"Connected to MongoDB Atlas"}
{"level":"info","message":{"acknowledged":true,"insertedId":"644b9ce6aa8f8b62d5458750"}}
{"level":"info","message":"Connected to MongoDB Atlas"}
{"level":"info","message":"Connected to MongoDB Atlas"}
{"level":"info","message":"Connected to MongoDB Atlas"}
{"level":"info","message":"Connected to MongoDB Atlas"}
{"level":"info","message":{"acknowledged":true,"insertedId":"644b9d1eaa8f8b62d5458751"}}
{"level":"info","message":"Server started on port 3001"}
{"level":"info","message":"Connected to MongoDB Atlas"}
{"level":"info","message":"Connected to MongoDB Atlas"}
{"level":"info","message":"Connected to MongoDB Atlas"}
{"level":"info","message":"Server started on port 3001"}
{"level":"info","message":"Server started on port 3001"}
{"level":"info","message":"Connected to MongoDB Atlas"}
{"level":"info","message":{"acknowledged":true,"insertedId":"644b9defdece060d2f8914d4"}}
{"level":"info","message":"Server started on port 3001"}
{"level":"info","message":"Connected to MongoDB Atlas"}
{"level":"info","message":"Connected to MongoDB Atlas"}
{"level":"info","message":"Connected to MongoDB Atlas"}
{"level":"info","message":"Server started on port 3001"}
{"level":"info","message":"Connected to MongoDB Atlas"}
{"level":"info","message":{"acknowledged":true,"insertedId":"644b9ef7cdedbf7902246c5f"}}
{"level":"info","message":"Connected to MongoDB Atlas"}
{"level":"info","message":"Connected to MongoDB Atlas"}
{"level":"info","message":"Connected to MongoDB Atlas"}
{"level":"info","message":"Server started on port 3001"}
{"level":"info","message":"Connected to MongoDB Atlas"}
{"level":"info","message":{"acknowledged":true,"insertedId":"644b9f205d27033190848354"}}
{"level":"info","message":"Connected to MongoDB Atlas"}
{"level":"info","message":"Connected to MongoDB Atlas"}
{"level":"info","message":"Connected to MongoDB Atlas"}
{"level":"info","message":"Server started on port 3001"}
{"level":"info","message":"Connected to MongoDB Atlas"}
{"level":"info","message":"Connected to MongoDB Atlas"}
{"level":"info","message":"Connected to MongoDB Atlas"}
{"level":"info","message":"Connected to MongoDB Atlas"}
{"level":"info","message":{"acknowledged":true,"insertedId":"644b9f63b30b57734d80afec"}}
{"level":"info","message":"Connected to MongoDB Atlas"}
{"level":"info","message":"Connected to MongoDB Atlas"}
{"level":"info","message":"Connected to MongoDB Atlas"}
{"level":"info","message":"Server started on port 3001"}
{"level":"info","message":"Server started on port 3001"}
{"level":"info","message":"Connected to MongoDB Atlas"}
{"level":"info","message":{"acknowledged":true,"insertedId":"644b9fe698b1607a7faaa9ae"}}
{"level":"info","message":"Connected to MongoDB Atlas"}
{"level":"info","message":"Connected to MongoDB Atlas"}
{"level":"info","message":"Connected to MongoDB Atlas"}
{"level":"info","message":"suraj"}
{"level":"info","message":"Connected to MongoDB Atlas"}
{"level":"info","message":"Document deleted successfully"}
{"level":"info","message":"Connected to MongoDB Atlas"}
{"level":"info","message":"Server started on port 3001"}
{"level":"info","message":"Server started on port 3001"}
{"level":"info","message":"Connected to MongoDB Atlas"}
{"level":"info","message":"Connected to MongoDB Atlas"}
{"level":"info","message":"Connected to MongoDB Atlas"}
{"level":"info","message":"Connected to MongoDB Atlas"}
{"level":"info","message":{"acknowledged":true,"insertedId":"644ba06ab863ff6e381cc363"}}
{"level":"info","message":"Server started on port 3001"}
{"level":"info","message":"Server started on port 3001"}
{"level":"info","message":"Server started on port 3001"}
{"level":"info","message":"Server started on port 3001"}
{"level":"info","message":"Connected to MongoDB Atlas"}
{"level":"info","message":"Connected to MongoDB Atlas"}
{"level":"info","message":"Connected to MongoDB Atlas"}
{"level":"info","message":"Server started on port 3001"}
{"level":"info","message":"Connected to MongoDB Atlas"}
{"level":"info","message":"Connected to MongoDB Atlas"}
{"level":"info","message":"Connected to MongoDB Atlas"}
{"level":"info","message":"Server started on port 3001"}
{"level":"info","message":"Server started on port 3001"}
{"level":"info","message":"Server started on port 3001"}
{"level":"info","message":"Server started on port 3001"}
{"level":"info","message":"Server started on port 3001"}
{"level":"info","message":"Connected to MongoDB Atlas"}
{"level":"info","message":"Connected to MongoDB Atlas"}
{"level":"info","message":"Connected to MongoDB Atlas"}
{"level":"info","message":"Connected to MongoDB Atlas"}
{"level":"info","message":"Connected to MongoDB Atlas"}
{"level":"info","message":"Connected to MongoDB Atlas"}
{"level":"info","message":"Server started on port 3001"}
{"level":"info","message":"Connected to MongoDB Atlas"}
{"level":"info","message":"Connected to MongoDB Atlas"}
{"level":"info","message":"Connected to MongoDB Atlas"}
{"level":"info","message":"Server started on port 3001"}
{"level":"info","message":"Server started on port 3001"}
{"level":"info","message":"Connected to MongoDB Atlas"}
{"level":"info","message":"Connected to MongoDB Atlas"}
{"level":"info","message":"Connected to MongoDB Atlas"}
{"level":"info","message":"Server started on port 3001"}
{"level":"info","message":"Server started on port 3001"}
{"level":"info","message":"Server started on port 3001"}
{"level":"info","message":"Connected to MongoDB Atlas"}
{"level":"info","message":"Connected to MongoDB Atlas"}
{"level":"info","message":"Connected to MongoDB Atlas"}
{"level":"info","message":"Connected to MongoDB Atlas"}
{"level":"info","message":{"acknowledged":true,"insertedId":"644ba71f223e20b0bec3594a"}}
{"level":"info","message":"Connected to MongoDB Atlas"}
{"level":"info","message":"Connected to MongoDB Atlas"}
{"level":"info","message":{"acknowledged":true,"insertedId":"644ba741223e20b0bec3594b"}}
{"level":"info","message":"Connected to MongoDB Atlas"}
{"level":"info","message":"Server started on port 3001"}
{"level":"info","message":"Server started on port 3001"}
{"level":"info","message":"Connected to MongoDB Atlas"}
{"level":"info","message":"Connected to MongoDB Atlas"}
{"level":"info","message":"Connected to MongoDB Atlas"}
{"level":"info","message":"Server started on port 3001"}
{"level":"info","message":"Server started on port 3001"}
{"level":"info","message":"Server started on port 3001"}
{"level":"info","message":"Server started on port 3001"}
{"level":"info","message":"siuraj"}
{"level":"info","message":"Connected to MongoDB Atlas"}
{"level":"info","message":"Document deleted successfully"}
{"level":"info","message":"Connected to MongoDB Atlas"}
{"level":"info","message":"Server started on port 3001"}
{"level":"info","message":"Server started on port 3001"}
{"level":"info","message":"Server started on port 3001"}
{"level":"info","message":"Server started on port 3001"}
{"level":"info","message":"get by Name"}
{"level":"info","message":"userName = suraj"}
{"level":"info","message":"Connected to MongoDB Atlas"}
{"level":"info","message":"get by Age"}
{"level":"info","message":"userAge = 45"}
{"level":"info","message":"Connected to MongoDB Atlas"}
{"level":"info","message":"Connected to MongoDB Atlas"}
{"level":"info","message":{"acknowledged":true,"insertedId":"644ba8a04ee3d101bc7701f4"}}
{"level":"info","message":"Connected to MongoDB Atlas"}
{"level":"info","message":"Connected to MongoDB Atlas"}
{"level":"info","message":"Connected to MongoDB Atlas"}
{"level":"info","message":"Connected to MongoDB Atlas"}
{"level":"info","message":"Server started on port 3001"}
{"level":"info","message":"Connected to MongoDB Atlas"}
{"level":"info","message":"Server started on port 3001"}
{"level":"info","message":"Connected to MongoDB Atlas"}
{"level":"info","message":"Server started on port 3001"}
{"level":"info","message":"Server started on port 3001"}
{"level":"info","message":"Connected to MongoDB Atlas"}
{"level":"info","message":"Connected to MongoDB Atlas"}
{"level":"info","message":"Connected to MongoDB Atlas"}
{"level":"info","message":"Connected to MongoDB Atlas"}
{"level":"info","message":"Connected to MongoDB Atlas"}
{"level":"info","message":"Connected to MongoDB Atlas"}
{"level":"info","message":"Connected to MongoDB Atlas"}
{"level":"info","message":"get by Name"}
{"level":"info","message":"userName = suraj"}
{"level":"info","message":"Connected to MongoDB Atlas"}
{"level":"info","message":"get by Age"}
{"level":"info","message":"userAge = 45"}
{"level":"info","message":"Connected to MongoDB Atlas"}
{"level":"info","message":"Connected to MongoDB Atlas"}
{"level":"info","message":{"acknowledged":true,"insertedId":"644bab56171efedc8b1dbcdd"}}
{"level":"info","message":"Connected to MongoDB Atlas"}
{"level":"info","message":"suraj"}
{"level":"info","message":"Connected to MongoDB Atlas"}
{"level":"info","message":"Document deleted successfully"}
{"level":"info","message":"Connected to MongoDB Atlas"}
{"level":"info","message":"Server started on port 3001"}
{"level":"info","message":"Connected to MongoDB Atlas"}
{"level":"info","message":"Connected to MongoDB Atlas"}
{"level":"info","message":"Connected to MongoDB Atlas"}
{"level":"info","message":"Connected to MongoDB Atlas"}
{"level":"info","message":"Connected to MongoDB Atlas"}
{"level":"info","message":"Connected to MongoDB Atlas"}
{"level":"info","message":"Server started on port 3001"}
{"level":"info","message":"Connected to MongoDB Atlas"}
{"level":"info","message":"Server started on port 3001"}
{"level":"info","message":"Connected to MongoDB Atlas"}
{"level":"info","message":"Connected to MongoDB Atlas"}
{"level":"info","message":"Connected to MongoDB Atlas"}
{"level":"info","message":"get by Name"}
{"level":"info","message":"userName = suraj"}
{"level":"info","message":"Connected to MongoDB Atlas"}
{"level":"info","message":"Document with name { suraj } not found"}
{"level":"info","message":"get by Name"}
{"level":"info","message":"userName = suraj"}
{"level":"info","message":"Connected to MongoDB Atlas"}
{"level":"info","message":"Document with name { suraj } not found"}
{"level":"info","message":"get by Name"}
{"level":"info","message":"userName = suraj"}
{"level":"info","message":"Connected to MongoDB Atlas"}
{"level":"info","message":"Document with name { suraj } not found"}
{"level":"info","message":"get by Name"}
{"level":"info","message":"userName = suraj"}
{"level":"info","message":"Connected to MongoDB Atlas"}
{"level":"info","message":"Document with name { suraj } not found"}
{"level":"info","message":"Server started on port 3001"}
{"level":"info","message":"get by Name"}
{"level":"info","message":"userName = rahul"}
{"level":"info","message":"Connected to MongoDB Atlas"}
{"level":"info","message":"get by Name"}
{"level":"info","message":"userName = rahul"}
{"level":"info","message":"Connected to MongoDB Atlas"}
{"level":"info","message":"get by Age"}
{"level":"info","message":"userAge = 23"}
{"level":"info","message":"Connected to MongoDB Atlas"}
{"level":"info","message":"get by Name"}
{"level":"info","message":"userName = suraj"}
{"level":"info","message":"Connected to MongoDB Atlas"}
{"level":"info","message":"Document with name { suraj } not found"}
{"level":"info","message":"Server started on port 3001"}
{"level":"info","message":"get by Name"}
{"level":"info","message":"userName = suraj"}
{"level":"info","message":"Connected to MongoDB Atlas"}
{"level":"info","message":"Document with name { suraj } not found"}
{"level":"info","message":"Connected to MongoDB Atlas"}
{"level":"info","message":"Connected to MongoDB Atlas"}
{"level":"info","message":"Connected to MongoDB Atlas"}
{"level":"info","message":"get by Name"}
{"level":"info","message":"userName = suraj"}
{"level":"info","message":"Connected to MongoDB Atlas"}
{"level":"info","message":"Document with name { suraj } not found"}
{"level":"info","message":"Server started on port 3001"}
{"level":"info","message":"Connected to MongoDB Atlas"}
{"level":"info","message":"Connected to MongoDB Atlas"}
{"level":"info","message":"Connected to MongoDB Atlas"}
{"level":"info","message":"Server started on port 3001"}
{"level":"info","message":"Server started on port 3001"}
{"level":"info","message":"Server started on port 3001"}
{"level":"info","message":"get by Name"}
{"level":"info","message":"userName = "}
{"level":"info","message":"Connected to MongoDB Atlas"}
{"level":"info","message":"Document with name {  } not found"}
{"level":"info","message":"Server started on port 3001"}
{"level":"info","message":"get by Name"}
{"level":"info","message":"userName = suraj"}
{"level":"info","message":"Connected to MongoDB Atlas"}
{"level":"info","message":"Document with name { suraj } not found"}
{"level":"info","message":"Server started on port 3001"}
{"level":"info","message":"Server started on port 3001"}
{"level":"info","message":"Server started on port 3001"}
{"level":"info","message":"get by Name"}
{"level":"info","message":"userName = suraj"}
{"level":"info","message":"Connected to MongoDB Atlas"}
{"level":"info","message":"Document with name { suraj } not found"}
{"level":"info","message":"get by Name"}
{"level":"info","message":"userName = suraj"}
{"level":"info","message":"Connected to MongoDB Atlas"}
{"level":"info","message":"Document with name { suraj } not found"}
{"level":"info","message":"get by Name"}
{"level":"info","message":"userName = rahul"}
{"level":"info","message":"Connected to MongoDB Atlas"}
{"level":"info","message":"Connected to MongoDB Atlas"}
{"level":"info","message":"Connected to MongoDB Atlas"}
{"level":"info","message":"Connected to MongoDB Atlas"}
{"level":"info","message":"get by Name"}
{"level":"info","message":"userName = "}
{"level":"info","message":"Connected to MongoDB Atlas"}
{"level":"info","message":"Document with name {  } not found"}
{"level":"info","message":"get by Name"}
{"level":"info","message":"userName = suraj"}
{"level":"info","message":"Connected to MongoDB Atlas"}
{"level":"info","message":"Document with name { suraj } not found"}
{"level":"info","message":"Server started on port 3001"}
{"level":"info","message":"get by Name"}
{"level":"info","message":"userName = suraj"}
{"level":"info","message":"Connected to MongoDB Atlas"}
{"level":"info","message":"Document with name { suraj } not found"}
{"level":"info","message":"get by Name"}
{"level":"info","message":"userName = suraj"}
{"level":"info","message":"Connected to MongoDB Atlas"}
{"level":"info","message":"Document with name { suraj } not found"}
{"level":"info","message":"Server started on port 3001"}
{"level":"info","message":"get by Name"}
{"level":"info","message":"userName = suraj"}
{"level":"info","message":"Connected to MongoDB Atlas"}
{"level":"info","message":"Document with name { suraj } not found"}
{"level":"info","message":"Server started on port 3001"}
{"level":"info","message":"Server started on port 3001"}
{"level":"info","message":"Server started on port 3001"}
{"level":"info","message":"Server started on port 3001"}
{"level":"info","message":"sdfsdf"}
{"level":"info","message":"Connected to MongoDB Atlas"}
{"level":"info","message":"Document not found"}
{"level":"info","message":"Connected to MongoDB Atlas"}
{"level":"info","message":"Connected to MongoDB Atlas"}
{"level":"info","message":"Connected to MongoDB Atlas"}
{"level":"info","message":"Server started on port 3001"}
{"level":"info","message":"Server started on port 3001"}
{"level":"info","message":"Server started on port 3001"}
{"level":"info","message":"Server started on port 3001"}
{"level":"info","message":"Server started on port 3001"}
{"level":"info","message":"Connected to MongoDB Atlas"}
{"level":"info","message":"Connected to MongoDB Atlas"}
{"level":"info","message":"Connected to MongoDB Atlas"}
{"level":"info","message":"sdkf"}
{"level":"info","message":"Connected to MongoDB Atlas"}
{"level":"info","message":"Document not found"}
{"level":"info","message":"Server started on port 3001"}
{"level":"info","message":"asd"}
{"level":"info","message":"Connected to MongoDB Atlas"}
{"level":"info","message":"Document not found"}
{"level":"info","message":"rahul"}
{"level":"info","message":"Connected to MongoDB Atlas"}
{"level":"info","message":"Document deleted successfully"}
{"level":"info","message":"Connected to MongoDB Atlas"}
{"level":"info","message":"Server started on port 3001"}
{"level":"info","message":"Server started on port 3001"}
{"level":"info","message":"dqwdq"}
{"level":"info","message":"Connected to MongoDB Atlas"}
{"level":"info","message":"Document deleted successfully"}
{"level":"info","message":"Connected to MongoDB Atlas"}
{"level":"info","message":"Server started on port 3001"}
{"level":"info","message":"Server started on port 3001"}
{"level":"info","message":"Connected to MongoDB Atlas"}
{"level":"info","message":"Connected to MongoDB Atlas"}
{"level":"info","message":"Server started on port 3001"}
{"level":"info","message":"Server started on port 3001"}
{"level":"info","message":"Server started on port 3001"}
{"level":"info","message":"Server started on port 3001"}
{"level":"info","message":"Server started on port 3001"}
{"level":"info","message":"Server started on port 3001"}
{"level":"info","message":"Server started on port 3001"}
{"code":"ECONNREFUSED","hostname":"_mongodb._tcp.cluster0.ixfsgzn.mongodb.net","level":"error","syscall":"querySrv"}
{"level":"info","message":"Server started on port 3001"}
{"code":"ECONNREFUSED","hostname":"_mongodb._tcp.cluster0.ixfsgzn.mongodb.net","level":"error","syscall":"querySrv"}
{"level":"info","message":"Server started on port 3001"}
{"code":"ECONNREFUSED","hostname":"_mongodb._tcp.cluster0.ixfsgzn.mongodb.net","level":"error","syscall":"querySrv"}
{"level":"info","message":"Server started on port 3001"}
{"level":"info","message":"Connected to MongoDB Atlas"}
{"level":"info","message":"Connected to MongoDB Atlas"}
{"level":"info","message":"Connected to MongoDB Atlas"}
{"level":"info","message":"Connected to MongoDB Atlas"}
{"level":"info","message":{"acknowledged":true,"insertedId":"644bd2f56faa3f83c4fd0347"}}
{"level":"info","message":"Connected to MongoDB Atlas"}
{"level":"info","message":"get by Age"}
{"level":"info","message":"userAge = 54"}
{"level":"info","message":"Connected to MongoDB Atlas"}
{"level":"info","message":"get by Age"}
{"level":"info","message":"userAge = 323"}
{"level":"info","message":"Connected to MongoDB Atlas"}
{"level":"info","message":"Document with age { 323 } not found"}
{"level":"info","message":"get by Name"}
{"level":"info","message":"userName = sdf"}
{"level":"info","message":"Connected to MongoDB Atlas"}
{"level":"info","message":"Document with name { sdf } not found"}
{"level":"info","message":"Server started on port 3001"}
{"level":"info","message":"get by Age"}
{"level":"info","message":"userAge = 323"}
{"level":"info","message":"Connected to MongoDB Atlas"}
{"level":"info","message":"Document with age { 323 } not found"}
{"level":"info","message":"get by Name"}
{"level":"info","message":"userName = suraj"}
{"level":"info","message":"Connected to MongoDB Atlas"}
{"level":"info","message":"Server started on port 3001"}
{"level":"info","message":"Server started on port 3001"}
{"level":"info","message":"Server started on port 3001"}
{"level":"info","message":"Server started on port 3001"}
{"level":"info","message":"Server started on port 3001"}
{"level":"info","message":"Server started on port 3001"}
{"level":"info","message":"Server started on port 3001"}
{"level":"info","message":"Connected to MongoDB Atlas"}
{"level":"info","message":"Connected to MongoDB Atlas"}
{"level":"info","message":"Connected to MongoDB Atlas"}
{"level":"info","message":"Server started on port 3001"}
{"level":"info","message":"Server started on port 3001"}
{"level":"info","message":"Server started on port 3001"}
{"level":"info","message":"Server started on port 3001"}
{"level":"info","message":"Server started on port 3001"}
{"level":"info","message":"Server started on port 3001"}
{"level":"info","message":"Server started on port 3001"}
{"level":"info","message":"Server started on port 3001"}
{"level":"info","message":"Server started on port 3001"}
{"level":"info","message":"Connected to MongoDB Atlas"}
{"level":"info","message":"Connected to MongoDB Atlas"}
{"level":"info","message":"Connected to MongoDB Atlas"}
{"level":"info","message":"Server started on port 3001"}
{"level":"error"}
{"level":"info","message":"Error retrieving document"}
{"level":"info","message":"Connected to MongoDB Atlas"}
{"level":"info","message":"Connected to MongoDB Atlas"}
{"level":"info","message":"Connected to MongoDB Atlas"}
{"level":"info","message":"Server started on port 3001"}
{"level":"error"}
{"level":"info","message":"Error retrieving document"}
{"level":"info","message":"Server started on port 3001"}
{"level":"info","message":"644bd2f56faa3f83c4fd0347"}
{"level":"info","message":"Connected to MongoDB Atlas"}
{"level":"info","message":"Document deleted successfully"}
{"level":"info","message":"Server started on port 3001"}
{"level":"info","message":"Server started on port 3001"}
{"level":"info","message":"644bd2f56faa3f83c4fd0347"}
{"level":"info","message":"Connected to MongoDB Atlas"}
{"level":"info","message":"Document not found"}
{"level":"info","message":"Server started on port 3001"}
{"level":"info","message":"644bd2f56faa3f83c4fd0347"}
{"level":"info","message":"Connected to MongoDB Atlas"}
{"level":"info","message":"Document not found"}
{"level":"info","message":"Server started on port 3001"}
{"level":"info","message":"Server started on port 3001"}
{"level":"info","message":"644bd2f56faa3f83c4fd0347"}
{"level":"info","message":"Connected to MongoDB Atlas"}
{"level":"info","message":"Document not found"}
{"level":"info","message":"Connected to MongoDB Atlas"}
{"level":"info","message":{"acknowledged":true,"insertedId":"644bd93f9167a225700f4108"}}
{"level":"info","message":"Connected to MongoDB Atlas"}
{"level":"info","message":"Connected to MongoDB Atlas"}
{"level":"info","message":"644bd93f9167a225700f4108"}
{"level":"info","message":"Connected to MongoDB Atlas"}
{"level":"info","message":"Document deleted successfully"}
{"level":"info","message":"Connected to MongoDB Atlas"}
